语法

    0 $accept: Program $end

    1 Program: ExtDefList

    2 ExtDefList: ExtDef ExtDefList
    3           | %empty

    4 ExtDef: Specifier ExtDecList SEMI
    5       | Specifier SEMI
    6       | Specifier FunDec CompSt
    7       | error SEMI

    8 ExtDecList: VarDec
    9           | VarDec COMMA ExtDecList

   10 Specifier: TYPE
   11          | StructSpecifier

   12 StructSpecifier: STRUCT OptTag LC DefList RC
   13                | STRUCT Tag

   14 OptTag: ID
   15       | %empty

   16 Tag: ID

   17 VarDec: ID
   18       | VarDec LB INT RB
   19       | error RB

   20 FunDec: ID LP VarList RP
   21       | ID LP RP
   22       | error RP

   23 VarList: ParamDec COMMA VarList
   24        | ParamDec

   25 ParamDec: Specifier VarDec

   26 CompSt: LC DefList StmtList RC
   27       | error RC

   28 StmtList: Stmt StmtList
   29         | %empty

   30 Stmt: Exp SEMI
   31     | error SEMI
   32     | CompSt
   33     | RETURN Exp SEMI
   34     | IF LP Exp RP Stmt
   35     | IF LP error RP Stmt ELSE Stmt
   36     | IF LP Exp RP Stmt ELSE Stmt
   37     | WHILE LP Exp RP Stmt
   38     | WHILE LP error RP Stmt

   39 DefList: Def DefList
   40        | %empty

   41 Def: Specifier DecList SEMI

   42 DecList: Dec
   43        | Dec COMMA DecList

   44 Dec: VarDec
   45    | VarDec ASSIGNOP Exp

   46 Exp: Exp ASSIGNOP Exp
   47    | Exp AND Exp
   48    | Exp OR Exp
   49    | Exp RELOP Exp
   50    | Exp PLUS Exp
   51    | Exp MINUS Exp
   52    | Exp STAR Exp
   53    | Exp DIV Exp
   54    | LP Exp RP
   55    | MINUS Exp
   56    | NOT Exp
   57    | ID LP Args RP
   58    | ID LP RP
   59    | Exp LB Exp RB
   60    | Exp DOT ID
   61    | ID
   62    | INT
   63    | FLOAT

   64 Args: Exp COMMA Args
   65     | Exp


Terminals, with rules where they appear

$end (0) 0
error (256) 7 19 22 27 31 35 38
INT (258) 18 62
FLOAT (259) 63
SEMI (260) 4 5 7 30 31 33 41
COMMA (261) 9 23 43 64
RELOP (262) 49
ASSIGNOP (263) 45 46
PLUS (264) 50
MINUS (265) 51 55
STAR (266) 52
DIV (267) 53
AND (268) 47
OR (269) 48
DOT (270) 60
NOT (271) 56
LP (272) 20 21 34 35 36 37 38 54 57 58
RP (273) 20 21 22 34 35 36 37 38 54 57 58
LB (274) 18 59
RB (275) 18 19 59
LC (276) 12 26
RC (277) 12 26 27
STRUCT (278) 12 13
RETURN (279) 33
IF (280) 34 35 36
ELSE (281) 35 36
WHILE (282) 37 38
TYPE (283) 10
ID (284) 14 16 17 20 21 57 58 60 61
LOWER_THAN_ELSE (285)


Nonterminals, with rules where they appear

$accept (31)
    左： 0
Program (32)
    左： 1, 右： 0
ExtDefList (33)
    左： 2 3, 右： 1 2
ExtDef (34)
    左： 4 5 6 7, 右： 2
ExtDecList (35)
    左： 8 9, 右： 4 9
Specifier (36)
    左： 10 11, 右： 4 5 6 25 41
StructSpecifier (37)
    左： 12 13, 右： 11
OptTag (38)
    左： 14 15, 右： 12
Tag (39)
    左： 16, 右： 13
VarDec (40)
    左： 17 18 19, 右： 8 9 18 25 44 45
FunDec (41)
    左： 20 21 22, 右： 6
VarList (42)
    左： 23 24, 右： 20 23
ParamDec (43)
    左： 25, 右： 23 24
CompSt (44)
    左： 26 27, 右： 6 32
StmtList (45)
    左： 28 29, 右： 26 28
Stmt (46)
    左： 30 31 32 33 34 35 36 37 38, 右： 28 34 35 36 37 38
DefList (47)
    左： 39 40, 右： 12 26 39
Def (48)
    左： 41, 右： 39
DecList (49)
    左： 42 43, 右： 41 43
Dec (50)
    左： 44 45, 右： 42 43
Exp (51)
    左： 46 47 48 49 50 51 52 53 54 55 56 57 58 59 60 61 62 63, 右：
    30 33 34 36 37 45 46 47 48 49 50 51 52 53 54 55 56 59 60 64 65
Args (52)
    左： 64 65, 右： 57 64


State 0

    0 $accept: . Program $end

    error   shift, and go to state 1
    STRUCT  shift, and go to state 2
    TYPE    shift, and go to state 3

    $end  reduce using rule 3 (ExtDefList)

    Program          转到状态 4
    ExtDefList       转到状态 5
    ExtDef           转到状态 6
    Specifier        转到状态 7
    StructSpecifier  转到状态 8


State 1

    7 ExtDef: error . SEMI

    SEMI  shift, and go to state 9


State 2

   12 StructSpecifier: STRUCT . OptTag LC DefList RC
   13                | STRUCT . Tag

    ID  shift, and go to state 10

    $default  reduce using rule 15 (OptTag)

    OptTag  转到状态 11
    Tag     转到状态 12


State 3

   10 Specifier: TYPE .

    $default  reduce using rule 10 (Specifier)


State 4

    0 $accept: Program . $end

    $end  shift, and go to state 13


State 5

    1 Program: ExtDefList .

    $default  reduce using rule 1 (Program)


State 6

    2 ExtDefList: ExtDef . ExtDefList

    error   shift, and go to state 1
    STRUCT  shift, and go to state 2
    TYPE    shift, and go to state 3

    $end  reduce using rule 3 (ExtDefList)

    ExtDefList       转到状态 14
    ExtDef           转到状态 6
    Specifier        转到状态 7
    StructSpecifier  转到状态 8


State 7

    4 ExtDef: Specifier . ExtDecList SEMI
    5       | Specifier . SEMI
    6       | Specifier . FunDec CompSt

    error  shift, and go to state 15
    SEMI   shift, and go to state 16
    ID     shift, and go to state 17

    ExtDecList  转到状态 18
    VarDec      转到状态 19
    FunDec      转到状态 20


State 8

   11 Specifier: StructSpecifier .

    $default  reduce using rule 11 (Specifier)


State 9

    7 ExtDef: error SEMI .

    $default  reduce using rule 7 (ExtDef)


State 10

   14 OptTag: ID .
   16 Tag: ID .

    LC        reduce using rule 14 (OptTag)
    $default  reduce using rule 16 (Tag)


State 11

   12 StructSpecifier: STRUCT OptTag . LC DefList RC

    LC  shift, and go to state 21


State 12

   13 StructSpecifier: STRUCT Tag .

    $default  reduce using rule 13 (StructSpecifier)


State 13

    0 $accept: Program $end .

    $default  接受


State 14

    2 ExtDefList: ExtDef ExtDefList .

    $default  reduce using rule 2 (ExtDefList)


State 15

   19 VarDec: error . RB
   22 FunDec: error . RP

    RP  shift, and go to state 22
    RB  shift, and go to state 23


State 16

    5 ExtDef: Specifier SEMI .

    $default  reduce using rule 5 (ExtDef)


State 17

   17 VarDec: ID .
   20 FunDec: ID . LP VarList RP
   21       | ID . LP RP

    LP  shift, and go to state 24

    $default  reduce using rule 17 (VarDec)


State 18

    4 ExtDef: Specifier ExtDecList . SEMI

    SEMI  shift, and go to state 25


State 19

    8 ExtDecList: VarDec .
    9           | VarDec . COMMA ExtDecList
   18 VarDec: VarDec . LB INT RB

    COMMA  shift, and go to state 26
    LB     shift, and go to state 27

    $default  reduce using rule 8 (ExtDecList)


State 20

    6 ExtDef: Specifier FunDec . CompSt

    error  shift, and go to state 28
    LC     shift, and go to state 29

    CompSt  转到状态 30


State 21

   12 StructSpecifier: STRUCT OptTag LC . DefList RC

    STRUCT  shift, and go to state 2
    TYPE    shift, and go to state 3

    $default  reduce using rule 40 (DefList)

    Specifier        转到状态 31
    StructSpecifier  转到状态 8
    DefList          转到状态 32
    Def              转到状态 33


State 22

   22 FunDec: error RP .

    $default  reduce using rule 22 (FunDec)


State 23

   19 VarDec: error RB .

    $default  reduce using rule 19 (VarDec)


State 24

   20 FunDec: ID LP . VarList RP
   21       | ID LP . RP

    RP      shift, and go to state 34
    STRUCT  shift, and go to state 2
    TYPE    shift, and go to state 3

    Specifier        转到状态 35
    StructSpecifier  转到状态 8
    VarList          转到状态 36
    ParamDec         转到状态 37


State 25

    4 ExtDef: Specifier ExtDecList SEMI .

    $default  reduce using rule 4 (ExtDef)


State 26

    9 ExtDecList: VarDec COMMA . ExtDecList

    error  shift, and go to state 38
    ID     shift, and go to state 39

    ExtDecList  转到状态 40
    VarDec      转到状态 19


State 27

   18 VarDec: VarDec LB . INT RB

    INT  shift, and go to state 41


State 28

   27 CompSt: error . RC

    RC  shift, and go to state 42


State 29

   26 CompSt: LC . DefList StmtList RC

    STRUCT  shift, and go to state 2
    TYPE    shift, and go to state 3

    $default  reduce using rule 40 (DefList)

    Specifier        转到状态 31
    StructSpecifier  转到状态 8
    DefList          转到状态 43
    Def              转到状态 33


State 30

    6 ExtDef: Specifier FunDec CompSt .

    $default  reduce using rule 6 (ExtDef)


State 31

   41 Def: Specifier . DecList SEMI

    error  shift, and go to state 38
    ID     shift, and go to state 39

    VarDec   转到状态 44
    DecList  转到状态 45
    Dec      转到状态 46


State 32

   12 StructSpecifier: STRUCT OptTag LC DefList . RC

    RC  shift, and go to state 47


State 33

   39 DefList: Def . DefList

    STRUCT  shift, and go to state 2
    TYPE    shift, and go to state 3

    $default  reduce using rule 40 (DefList)

    Specifier        转到状态 31
    StructSpecifier  转到状态 8
    DefList          转到状态 48
    Def              转到状态 33


State 34

   21 FunDec: ID LP RP .

    $default  reduce using rule 21 (FunDec)


State 35

   25 ParamDec: Specifier . VarDec

    error  shift, and go to state 38
    ID     shift, and go to state 39

    VarDec  转到状态 49


State 36

   20 FunDec: ID LP VarList . RP

    RP  shift, and go to state 50


State 37

   23 VarList: ParamDec . COMMA VarList
   24        | ParamDec .

    COMMA  shift, and go to state 51

    $default  reduce using rule 24 (VarList)


State 38

   19 VarDec: error . RB

    RB  shift, and go to state 23


State 39

   17 VarDec: ID .

    $default  reduce using rule 17 (VarDec)


State 40

    9 ExtDecList: VarDec COMMA ExtDecList .

    $default  reduce using rule 9 (ExtDecList)


State 41

   18 VarDec: VarDec LB INT . RB

    RB  shift, and go to state 52


State 42

   27 CompSt: error RC .

    $default  reduce using rule 27 (CompSt)


State 43

   26 CompSt: LC DefList . StmtList RC

    error   shift, and go to state 53
    INT     shift, and go to state 54
    FLOAT   shift, and go to state 55
    MINUS   shift, and go to state 56
    NOT     shift, and go to state 57
    LP      shift, and go to state 58
    LC      shift, and go to state 29
    RETURN  shift, and go to state 59
    IF      shift, and go to state 60
    WHILE   shift, and go to state 61
    ID      shift, and go to state 62

    RC  reduce using rule 29 (StmtList)

    CompSt    转到状态 63
    StmtList  转到状态 64
    Stmt      转到状态 65
    Exp       转到状态 66


State 44

   18 VarDec: VarDec . LB INT RB
   44 Dec: VarDec .
   45    | VarDec . ASSIGNOP Exp

    ASSIGNOP  shift, and go to state 67
    LB        shift, and go to state 27

    $default  reduce using rule 44 (Dec)


State 45

   41 Def: Specifier DecList . SEMI

    SEMI  shift, and go to state 68


State 46

   42 DecList: Dec .
   43        | Dec . COMMA DecList

    COMMA  shift, and go to state 69

    $default  reduce using rule 42 (DecList)


State 47

   12 StructSpecifier: STRUCT OptTag LC DefList RC .

    $default  reduce using rule 12 (StructSpecifier)


State 48

   39 DefList: Def DefList .

    $default  reduce using rule 39 (DefList)


State 49

   18 VarDec: VarDec . LB INT RB
   25 ParamDec: Specifier VarDec .

    LB  shift, and go to state 27

    $default  reduce using rule 25 (ParamDec)


State 50

   20 FunDec: ID LP VarList RP .

    $default  reduce using rule 20 (FunDec)


State 51

   23 VarList: ParamDec COMMA . VarList

    STRUCT  shift, and go to state 2
    TYPE    shift, and go to state 3

    Specifier        转到状态 35
    StructSpecifier  转到状态 8
    VarList          转到状态 70
    ParamDec         转到状态 37


State 52

   18 VarDec: VarDec LB INT RB .

    $default  reduce using rule 18 (VarDec)


State 53

   27 CompSt: error . RC
   31 Stmt: error . SEMI

    SEMI  shift, and go to state 71
    RC    shift, and go to state 42


State 54

   62 Exp: INT .

    $default  reduce using rule 62 (Exp)


State 55

   63 Exp: FLOAT .

    $default  reduce using rule 63 (Exp)


State 56

   55 Exp: MINUS . Exp

    INT    shift, and go to state 54
    FLOAT  shift, and go to state 55
    MINUS  shift, and go to state 56
    NOT    shift, and go to state 57
    LP     shift, and go to state 58
    ID     shift, and go to state 62

    Exp  转到状态 72


State 57

   56 Exp: NOT . Exp

    INT    shift, and go to state 54
    FLOAT  shift, and go to state 55
    MINUS  shift, and go to state 56
    NOT    shift, and go to state 57
    LP     shift, and go to state 58
    ID     shift, and go to state 62

    Exp  转到状态 73


State 58

   54 Exp: LP . Exp RP

    INT    shift, and go to state 54
    FLOAT  shift, and go to state 55
    MINUS  shift, and go to state 56
    NOT    shift, and go to state 57
    LP     shift, and go to state 58
    ID     shift, and go to state 62

    Exp  转到状态 74


State 59

   33 Stmt: RETURN . Exp SEMI

    INT    shift, and go to state 54
    FLOAT  shift, and go to state 55
    MINUS  shift, and go to state 56
    NOT    shift, and go to state 57
    LP     shift, and go to state 58
    ID     shift, and go to state 62

    Exp  转到状态 75


State 60

   34 Stmt: IF . LP Exp RP Stmt
   35     | IF . LP error RP Stmt ELSE Stmt
   36     | IF . LP Exp RP Stmt ELSE Stmt

    LP  shift, and go to state 76


State 61

   37 Stmt: WHILE . LP Exp RP Stmt
   38     | WHILE . LP error RP Stmt

    LP  shift, and go to state 77


State 62

   57 Exp: ID . LP Args RP
   58    | ID . LP RP
   61    | ID .

    LP  shift, and go to state 78

    $default  reduce using rule 61 (Exp)


State 63

   32 Stmt: CompSt .

    $default  reduce using rule 32 (Stmt)


State 64

   26 CompSt: LC DefList StmtList . RC

    RC  shift, and go to state 79


State 65

   28 StmtList: Stmt . StmtList

    error   shift, and go to state 53
    INT     shift, and go to state 54
    FLOAT   shift, and go to state 55
    MINUS   shift, and go to state 56
    NOT     shift, and go to state 57
    LP      shift, and go to state 58
    LC      shift, and go to state 29
    RETURN  shift, and go to state 59
    IF      shift, and go to state 60
    WHILE   shift, and go to state 61
    ID      shift, and go to state 62

    RC  reduce using rule 29 (StmtList)

    CompSt    转到状态 63
    StmtList  转到状态 80
    Stmt      转到状态 65
    Exp       转到状态 66


State 66

   30 Stmt: Exp . SEMI
   46 Exp: Exp . ASSIGNOP Exp
   47    | Exp . AND Exp
   48    | Exp . OR Exp
   49    | Exp . RELOP Exp
   50    | Exp . PLUS Exp
   51    | Exp . MINUS Exp
   52    | Exp . STAR Exp
   53    | Exp . DIV Exp
   59    | Exp . LB Exp RB
   60    | Exp . DOT ID

    SEMI      shift, and go to state 81
    RELOP     shift, and go to state 82
    ASSIGNOP  shift, and go to state 83
    PLUS      shift, and go to state 84
    MINUS     shift, and go to state 85
    STAR      shift, and go to state 86
    DIV       shift, and go to state 87
    AND       shift, and go to state 88
    OR        shift, and go to state 89
    DOT       shift, and go to state 90
    LB        shift, and go to state 91


State 67

   45 Dec: VarDec ASSIGNOP . Exp

    INT    shift, and go to state 54
    FLOAT  shift, and go to state 55
    MINUS  shift, and go to state 56
    NOT    shift, and go to state 57
    LP     shift, and go to state 58
    ID     shift, and go to state 62

    Exp  转到状态 92


State 68

   41 Def: Specifier DecList SEMI .

    $default  reduce using rule 41 (Def)


State 69

   43 DecList: Dec COMMA . DecList

    error  shift, and go to state 38
    ID     shift, and go to state 39

    VarDec   转到状态 44
    DecList  转到状态 93
    Dec      转到状态 46


State 70

   23 VarList: ParamDec COMMA VarList .

    $default  reduce using rule 23 (VarList)


State 71

   31 Stmt: error SEMI .

    $default  reduce using rule 31 (Stmt)


State 72

   46 Exp: Exp . ASSIGNOP Exp
   47    | Exp . AND Exp
   48    | Exp . OR Exp
   49    | Exp . RELOP Exp
   50    | Exp . PLUS Exp
   51    | Exp . MINUS Exp
   52    | Exp . STAR Exp
   53    | Exp . DIV Exp
   55    | MINUS Exp .
   59    | Exp . LB Exp RB
   60    | Exp . DOT ID

    STAR  shift, and go to state 86
    DIV   shift, and go to state 87
    DOT   shift, and go to state 90
    LB    shift, and go to state 91

    $default  reduce using rule 55 (Exp)


State 73

   46 Exp: Exp . ASSIGNOP Exp
   47    | Exp . AND Exp
   48    | Exp . OR Exp
   49    | Exp . RELOP Exp
   50    | Exp . PLUS Exp
   51    | Exp . MINUS Exp
   52    | Exp . STAR Exp
   53    | Exp . DIV Exp
   56    | NOT Exp .
   59    | Exp . LB Exp RB
   60    | Exp . DOT ID

    DOT  shift, and go to state 90
    LB   shift, and go to state 91

    $default  reduce using rule 56 (Exp)


State 74

   46 Exp: Exp . ASSIGNOP Exp
   47    | Exp . AND Exp
   48    | Exp . OR Exp
   49    | Exp . RELOP Exp
   50    | Exp . PLUS Exp
   51    | Exp . MINUS Exp
   52    | Exp . STAR Exp
   53    | Exp . DIV Exp
   54    | LP Exp . RP
   59    | Exp . LB Exp RB
   60    | Exp . DOT ID

    RELOP     shift, and go to state 82
    ASSIGNOP  shift, and go to state 83
    PLUS      shift, and go to state 84
    MINUS     shift, and go to state 85
    STAR      shift, and go to state 86
    DIV       shift, and go to state 87
    AND       shift, and go to state 88
    OR        shift, and go to state 89
    DOT       shift, and go to state 90
    RP        shift, and go to state 94
    LB        shift, and go to state 91


State 75

   33 Stmt: RETURN Exp . SEMI
   46 Exp: Exp . ASSIGNOP Exp
   47    | Exp . AND Exp
   48    | Exp . OR Exp
   49    | Exp . RELOP Exp
   50    | Exp . PLUS Exp
   51    | Exp . MINUS Exp
   52    | Exp . STAR Exp
   53    | Exp . DIV Exp
   59    | Exp . LB Exp RB
   60    | Exp . DOT ID

    SEMI      shift, and go to state 95
    RELOP     shift, and go to state 82
    ASSIGNOP  shift, and go to state 83
    PLUS      shift, and go to state 84
    MINUS     shift, and go to state 85
    STAR      shift, and go to state 86
    DIV       shift, and go to state 87
    AND       shift, and go to state 88
    OR        shift, and go to state 89
    DOT       shift, and go to state 90
    LB        shift, and go to state 91


State 76

   34 Stmt: IF LP . Exp RP Stmt
   35     | IF LP . error RP Stmt ELSE Stmt
   36     | IF LP . Exp RP Stmt ELSE Stmt

    error  shift, and go to state 96
    INT    shift, and go to state 54
    FLOAT  shift, and go to state 55
    MINUS  shift, and go to state 56
    NOT    shift, and go to state 57
    LP     shift, and go to state 58
    ID     shift, and go to state 62

    Exp  转到状态 97


State 77

   37 Stmt: WHILE LP . Exp RP Stmt
   38     | WHILE LP . error RP Stmt

    error  shift, and go to state 98
    INT    shift, and go to state 54
    FLOAT  shift, and go to state 55
    MINUS  shift, and go to state 56
    NOT    shift, and go to state 57
    LP     shift, and go to state 58
    ID     shift, and go to state 62

    Exp  转到状态 99


State 78

   57 Exp: ID LP . Args RP
   58    | ID LP . RP

    INT    shift, and go to state 54
    FLOAT  shift, and go to state 55
    MINUS  shift, and go to state 56
    NOT    shift, and go to state 57
    LP     shift, and go to state 58
    RP     shift, and go to state 100
    ID     shift, and go to state 62

    Exp   转到状态 101
    Args  转到状态 102


State 79

   26 CompSt: LC DefList StmtList RC .

    $default  reduce using rule 26 (CompSt)


State 80

   28 StmtList: Stmt StmtList .

    $default  reduce using rule 28 (StmtList)


State 81

   30 Stmt: Exp SEMI .

    $default  reduce using rule 30 (Stmt)


State 82

   49 Exp: Exp RELOP . Exp

    INT    shift, and go to state 54
    FLOAT  shift, and go to state 55
    MINUS  shift, and go to state 56
    NOT    shift, and go to state 57
    LP     shift, and go to state 58
    ID     shift, and go to state 62

    Exp  转到状态 103


State 83

   46 Exp: Exp ASSIGNOP . Exp

    INT    shift, and go to state 54
    FLOAT  shift, and go to state 55
    MINUS  shift, and go to state 56
    NOT    shift, and go to state 57
    LP     shift, and go to state 58
    ID     shift, and go to state 62

    Exp  转到状态 104


State 84

   50 Exp: Exp PLUS . Exp

    INT    shift, and go to state 54
    FLOAT  shift, and go to state 55
    MINUS  shift, and go to state 56
    NOT    shift, and go to state 57
    LP     shift, and go to state 58
    ID     shift, and go to state 62

    Exp  转到状态 105


State 85

   51 Exp: Exp MINUS . Exp

    INT    shift, and go to state 54
    FLOAT  shift, and go to state 55
    MINUS  shift, and go to state 56
    NOT    shift, and go to state 57
    LP     shift, and go to state 58
    ID     shift, and go to state 62

    Exp  转到状态 106


State 86

   52 Exp: Exp STAR . Exp

    INT    shift, and go to state 54
    FLOAT  shift, and go to state 55
    MINUS  shift, and go to state 56
    NOT    shift, and go to state 57
    LP     shift, and go to state 58
    ID     shift, and go to state 62

    Exp  转到状态 107


State 87

   53 Exp: Exp DIV . Exp

    INT    shift, and go to state 54
    FLOAT  shift, and go to state 55
    MINUS  shift, and go to state 56
    NOT    shift, and go to state 57
    LP     shift, and go to state 58
    ID     shift, and go to state 62

    Exp  转到状态 108


State 88

   47 Exp: Exp AND . Exp

    INT    shift, and go to state 54
    FLOAT  shift, and go to state 55
    MINUS  shift, and go to state 56
    NOT    shift, and go to state 57
    LP     shift, and go to state 58
    ID     shift, and go to state 62

    Exp  转到状态 109


State 89

   48 Exp: Exp OR . Exp

    INT    shift, and go to state 54
    FLOAT  shift, and go to state 55
    MINUS  shift, and go to state 56
    NOT    shift, and go to state 57
    LP     shift, and go to state 58
    ID     shift, and go to state 62

    Exp  转到状态 110


State 90

   60 Exp: Exp DOT . ID

    ID  shift, and go to state 111


State 91

   59 Exp: Exp LB . Exp RB

    INT    shift, and go to state 54
    FLOAT  shift, and go to state 55
    MINUS  shift, and go to state 56
    NOT    shift, and go to state 57
    LP     shift, and go to state 58
    ID     shift, and go to state 62

    Exp  转到状态 112


State 92

   45 Dec: VarDec ASSIGNOP Exp .
   46 Exp: Exp . ASSIGNOP Exp
   47    | Exp . AND Exp
   48    | Exp . OR Exp
   49    | Exp . RELOP Exp
   50    | Exp . PLUS Exp
   51    | Exp . MINUS Exp
   52    | Exp . STAR Exp
   53    | Exp . DIV Exp
   59    | Exp . LB Exp RB
   60    | Exp . DOT ID

    RELOP     shift, and go to state 82
    ASSIGNOP  shift, and go to state 83
    PLUS      shift, and go to state 84
    MINUS     shift, and go to state 85
    STAR      shift, and go to state 86
    DIV       shift, and go to state 87
    AND       shift, and go to state 88
    OR        shift, and go to state 89
    DOT       shift, and go to state 90
    LB        shift, and go to state 91

    $default  reduce using rule 45 (Dec)


State 93

   43 DecList: Dec COMMA DecList .

    $default  reduce using rule 43 (DecList)


State 94

   54 Exp: LP Exp RP .

    $default  reduce using rule 54 (Exp)


State 95

   33 Stmt: RETURN Exp SEMI .

    $default  reduce using rule 33 (Stmt)


State 96

   35 Stmt: IF LP error . RP Stmt ELSE Stmt

    RP  shift, and go to state 113


State 97

   34 Stmt: IF LP Exp . RP Stmt
   36     | IF LP Exp . RP Stmt ELSE Stmt
   46 Exp: Exp . ASSIGNOP Exp
   47    | Exp . AND Exp
   48    | Exp . OR Exp
   49    | Exp . RELOP Exp
   50    | Exp . PLUS Exp
   51    | Exp . MINUS Exp
   52    | Exp . STAR Exp
   53    | Exp . DIV Exp
   59    | Exp . LB Exp RB
   60    | Exp . DOT ID

    RELOP     shift, and go to state 82
    ASSIGNOP  shift, and go to state 83
    PLUS      shift, and go to state 84
    MINUS     shift, and go to state 85
    STAR      shift, and go to state 86
    DIV       shift, and go to state 87
    AND       shift, and go to state 88
    OR        shift, and go to state 89
    DOT       shift, and go to state 90
    RP        shift, and go to state 114
    LB        shift, and go to state 91


State 98

   38 Stmt: WHILE LP error . RP Stmt

    RP  shift, and go to state 115


State 99

   37 Stmt: WHILE LP Exp . RP Stmt
   46 Exp: Exp . ASSIGNOP Exp
   47    | Exp . AND Exp
   48    | Exp . OR Exp
   49    | Exp . RELOP Exp
   50    | Exp . PLUS Exp
   51    | Exp . MINUS Exp
   52    | Exp . STAR Exp
   53    | Exp . DIV Exp
   59    | Exp . LB Exp RB
   60    | Exp . DOT ID

    RELOP     shift, and go to state 82
    ASSIGNOP  shift, and go to state 83
    PLUS      shift, and go to state 84
    MINUS     shift, and go to state 85
    STAR      shift, and go to state 86
    DIV       shift, and go to state 87
    AND       shift, and go to state 88
    OR        shift, and go to state 89
    DOT       shift, and go to state 90
    RP        shift, and go to state 116
    LB        shift, and go to state 91


State 100

   58 Exp: ID LP RP .

    $default  reduce using rule 58 (Exp)


State 101

   46 Exp: Exp . ASSIGNOP Exp
   47    | Exp . AND Exp
   48    | Exp . OR Exp
   49    | Exp . RELOP Exp
   50    | Exp . PLUS Exp
   51    | Exp . MINUS Exp
   52    | Exp . STAR Exp
   53    | Exp . DIV Exp
   59    | Exp . LB Exp RB
   60    | Exp . DOT ID
   64 Args: Exp . COMMA Args
   65     | Exp .

    COMMA     shift, and go to state 117
    RELOP     shift, and go to state 82
    ASSIGNOP  shift, and go to state 83
    PLUS      shift, and go to state 84
    MINUS     shift, and go to state 85
    STAR      shift, and go to state 86
    DIV       shift, and go to state 87
    AND       shift, and go to state 88
    OR        shift, and go to state 89
    DOT       shift, and go to state 90
    LB        shift, and go to state 91

    $default  reduce using rule 65 (Args)


State 102

   57 Exp: ID LP Args . RP

    RP  shift, and go to state 118


State 103

   46 Exp: Exp . ASSIGNOP Exp
   47    | Exp . AND Exp
   48    | Exp . OR Exp
   49    | Exp . RELOP Exp
   49    | Exp RELOP Exp .
   50    | Exp . PLUS Exp
   51    | Exp . MINUS Exp
   52    | Exp . STAR Exp
   53    | Exp . DIV Exp
   59    | Exp . LB Exp RB
   60    | Exp . DOT ID

    PLUS   shift, and go to state 84
    MINUS  shift, and go to state 85
    STAR   shift, and go to state 86
    DIV    shift, and go to state 87
    DOT    shift, and go to state 90
    LB     shift, and go to state 91

    $default  reduce using rule 49 (Exp)


State 104

   46 Exp: Exp . ASSIGNOP Exp
   46    | Exp ASSIGNOP Exp .
   47    | Exp . AND Exp
   48    | Exp . OR Exp
   49    | Exp . RELOP Exp
   50    | Exp . PLUS Exp
   51    | Exp . MINUS Exp
   52    | Exp . STAR Exp
   53    | Exp . DIV Exp
   59    | Exp . LB Exp RB
   60    | Exp . DOT ID

    RELOP     shift, and go to state 82
    ASSIGNOP  shift, and go to state 83
    PLUS      shift, and go to state 84
    MINUS     shift, and go to state 85
    STAR      shift, and go to state 86
    DIV       shift, and go to state 87
    AND       shift, and go to state 88
    OR        shift, and go to state 89
    DOT       shift, and go to state 90
    LB        shift, and go to state 91

    $default  reduce using rule 46 (Exp)


State 105

   46 Exp: Exp . ASSIGNOP Exp
   47    | Exp . AND Exp
   48    | Exp . OR Exp
   49    | Exp . RELOP Exp
   50    | Exp . PLUS Exp
   50    | Exp PLUS Exp .
   51    | Exp . MINUS Exp
   52    | Exp . STAR Exp
   53    | Exp . DIV Exp
   59    | Exp . LB Exp RB
   60    | Exp . DOT ID

    STAR  shift, and go to state 86
    DIV   shift, and go to state 87
    DOT   shift, and go to state 90
    LB    shift, and go to state 91

    $default  reduce using rule 50 (Exp)


State 106

   46 Exp: Exp . ASSIGNOP Exp
   47    | Exp . AND Exp
   48    | Exp . OR Exp
   49    | Exp . RELOP Exp
   50    | Exp . PLUS Exp
   51    | Exp . MINUS Exp
   51    | Exp MINUS Exp .
   52    | Exp . STAR Exp
   53    | Exp . DIV Exp
   59    | Exp . LB Exp RB
   60    | Exp . DOT ID

    STAR  shift, and go to state 86
    DIV   shift, and go to state 87
    DOT   shift, and go to state 90
    LB    shift, and go to state 91

    $default  reduce using rule 51 (Exp)


State 107

   46 Exp: Exp . ASSIGNOP Exp
   47    | Exp . AND Exp
   48    | Exp . OR Exp
   49    | Exp . RELOP Exp
   50    | Exp . PLUS Exp
   51    | Exp . MINUS Exp
   52    | Exp . STAR Exp
   52    | Exp STAR Exp .
   53    | Exp . DIV Exp
   59    | Exp . LB Exp RB
   60    | Exp . DOT ID

    DOT  shift, and go to state 90
    LB   shift, and go to state 91

    $default  reduce using rule 52 (Exp)


State 108

   46 Exp: Exp . ASSIGNOP Exp
   47    | Exp . AND Exp
   48    | Exp . OR Exp
   49    | Exp . RELOP Exp
   50    | Exp . PLUS Exp
   51    | Exp . MINUS Exp
   52    | Exp . STAR Exp
   53    | Exp . DIV Exp
   53    | Exp DIV Exp .
   59    | Exp . LB Exp RB
   60    | Exp . DOT ID

    DOT  shift, and go to state 90
    LB   shift, and go to state 91

    $default  reduce using rule 53 (Exp)


State 109

   46 Exp: Exp . ASSIGNOP Exp
   47    | Exp . AND Exp
   47    | Exp AND Exp .
   48    | Exp . OR Exp
   49    | Exp . RELOP Exp
   50    | Exp . PLUS Exp
   51    | Exp . MINUS Exp
   52    | Exp . STAR Exp
   53    | Exp . DIV Exp
   59    | Exp . LB Exp RB
   60    | Exp . DOT ID

    RELOP  shift, and go to state 82
    PLUS   shift, and go to state 84
    MINUS  shift, and go to state 85
    STAR   shift, and go to state 86
    DIV    shift, and go to state 87
    DOT    shift, and go to state 90
    LB     shift, and go to state 91

    $default  reduce using rule 47 (Exp)


State 110

   46 Exp: Exp . ASSIGNOP Exp
   47    | Exp . AND Exp
   48    | Exp . OR Exp
   48    | Exp OR Exp .
   49    | Exp . RELOP Exp
   50    | Exp . PLUS Exp
   51    | Exp . MINUS Exp
   52    | Exp . STAR Exp
   53    | Exp . DIV Exp
   59    | Exp . LB Exp RB
   60    | Exp . DOT ID

    RELOP  shift, and go to state 82
    PLUS   shift, and go to state 84
    MINUS  shift, and go to state 85
    STAR   shift, and go to state 86
    DIV    shift, and go to state 87
    AND    shift, and go to state 88
    DOT    shift, and go to state 90
    LB     shift, and go to state 91

    $default  reduce using rule 48 (Exp)


State 111

   60 Exp: Exp DOT ID .

    $default  reduce using rule 60 (Exp)


State 112

   46 Exp: Exp . ASSIGNOP Exp
   47    | Exp . AND Exp
   48    | Exp . OR Exp
   49    | Exp . RELOP Exp
   50    | Exp . PLUS Exp
   51    | Exp . MINUS Exp
   52    | Exp . STAR Exp
   53    | Exp . DIV Exp
   59    | Exp . LB Exp RB
   59    | Exp LB Exp . RB
   60    | Exp . DOT ID

    RELOP     shift, and go to state 82
    ASSIGNOP  shift, and go to state 83
    PLUS      shift, and go to state 84
    MINUS     shift, and go to state 85
    STAR      shift, and go to state 86
    DIV       shift, and go to state 87
    AND       shift, and go to state 88
    OR        shift, and go to state 89
    DOT       shift, and go to state 90
    LB        shift, and go to state 91
    RB        shift, and go to state 119


State 113

   35 Stmt: IF LP error RP . Stmt ELSE Stmt

    error   shift, and go to state 53
    INT     shift, and go to state 54
    FLOAT   shift, and go to state 55
    MINUS   shift, and go to state 56
    NOT     shift, and go to state 57
    LP      shift, and go to state 58
    LC      shift, and go to state 29
    RETURN  shift, and go to state 59
    IF      shift, and go to state 60
    WHILE   shift, and go to state 61
    ID      shift, and go to state 62

    CompSt  转到状态 63
    Stmt    转到状态 120
    Exp     转到状态 66


State 114

   34 Stmt: IF LP Exp RP . Stmt
   36     | IF LP Exp RP . Stmt ELSE Stmt

    error   shift, and go to state 53
    INT     shift, and go to state 54
    FLOAT   shift, and go to state 55
    MINUS   shift, and go to state 56
    NOT     shift, and go to state 57
    LP      shift, and go to state 58
    LC      shift, and go to state 29
    RETURN  shift, and go to state 59
    IF      shift, and go to state 60
    WHILE   shift, and go to state 61
    ID      shift, and go to state 62

    CompSt  转到状态 63
    Stmt    转到状态 121
    Exp     转到状态 66


State 115

   38 Stmt: WHILE LP error RP . Stmt

    error   shift, and go to state 53
    INT     shift, and go to state 54
    FLOAT   shift, and go to state 55
    MINUS   shift, and go to state 56
    NOT     shift, and go to state 57
    LP      shift, and go to state 58
    LC      shift, and go to state 29
    RETURN  shift, and go to state 59
    IF      shift, and go to state 60
    WHILE   shift, and go to state 61
    ID      shift, and go to state 62

    CompSt  转到状态 63
    Stmt    转到状态 122
    Exp     转到状态 66


State 116

   37 Stmt: WHILE LP Exp RP . Stmt

    error   shift, and go to state 53
    INT     shift, and go to state 54
    FLOAT   shift, and go to state 55
    MINUS   shift, and go to state 56
    NOT     shift, and go to state 57
    LP      shift, and go to state 58
    LC      shift, and go to state 29
    RETURN  shift, and go to state 59
    IF      shift, and go to state 60
    WHILE   shift, and go to state 61
    ID      shift, and go to state 62

    CompSt  转到状态 63
    Stmt    转到状态 123
    Exp     转到状态 66


State 117

   64 Args: Exp COMMA . Args

    INT    shift, and go to state 54
    FLOAT  shift, and go to state 55
    MINUS  shift, and go to state 56
    NOT    shift, and go to state 57
    LP     shift, and go to state 58
    ID     shift, and go to state 62

    Exp   转到状态 101
    Args  转到状态 124


State 118

   57 Exp: ID LP Args RP .

    $default  reduce using rule 57 (Exp)


State 119

   59 Exp: Exp LB Exp RB .

    $default  reduce using rule 59 (Exp)


State 120

   35 Stmt: IF LP error RP Stmt . ELSE Stmt

    ELSE  shift, and go to state 125


State 121

   34 Stmt: IF LP Exp RP Stmt .
   36     | IF LP Exp RP Stmt . ELSE Stmt

    ELSE  shift, and go to state 126

    $default  reduce using rule 34 (Stmt)


State 122

   38 Stmt: WHILE LP error RP Stmt .

    $default  reduce using rule 38 (Stmt)


State 123

   37 Stmt: WHILE LP Exp RP Stmt .

    $default  reduce using rule 37 (Stmt)


State 124

   64 Args: Exp COMMA Args .

    $default  reduce using rule 64 (Args)


State 125

   35 Stmt: IF LP error RP Stmt ELSE . Stmt

    error   shift, and go to state 53
    INT     shift, and go to state 54
    FLOAT   shift, and go to state 55
    MINUS   shift, and go to state 56
    NOT     shift, and go to state 57
    LP      shift, and go to state 58
    LC      shift, and go to state 29
    RETURN  shift, and go to state 59
    IF      shift, and go to state 60
    WHILE   shift, and go to state 61
    ID      shift, and go to state 62

    CompSt  转到状态 63
    Stmt    转到状态 127
    Exp     转到状态 66


State 126

   36 Stmt: IF LP Exp RP Stmt ELSE . Stmt

    error   shift, and go to state 53
    INT     shift, and go to state 54
    FLOAT   shift, and go to state 55
    MINUS   shift, and go to state 56
    NOT     shift, and go to state 57
    LP      shift, and go to state 58
    LC      shift, and go to state 29
    RETURN  shift, and go to state 59
    IF      shift, and go to state 60
    WHILE   shift, and go to state 61
    ID      shift, and go to state 62

    CompSt  转到状态 63
    Stmt    转到状态 128
    Exp     转到状态 66


State 127

   35 Stmt: IF LP error RP Stmt ELSE Stmt .

    $default  reduce using rule 35 (Stmt)


State 128

   36 Stmt: IF LP Exp RP Stmt ELSE Stmt .

    $default  reduce using rule 36 (Stmt)
